[debug] [2023-07-24T04:49:16.151Z] ----------------------------------------------------------------------
[debug] [2023-07-24T04:49:16.152Z] Command:       C:\Program Files\nodejs\node.exe C:\Users\flcas\AppData\Roaming\npm\node_modules\firebase-tools\lib\bin\firebase.js init hosting
[debug] [2023-07-24T04:49:16.152Z] CLI Version:   12.4.5
[debug] [2023-07-24T04:49:16.153Z] Platform:      win32
[debug] [2023-07-24T04:49:16.153Z] Node Version:  v18.17.0
[debug] [2023-07-24T04:49:16.154Z] Time:          Sun Jul 23 2023 22:49:16 GMT-0600 (hora estándar central)
[debug] [2023-07-24T04:49:16.154Z] ----------------------------------------------------------------------
[debug] 
[debug] [2023-07-24T04:49:16.159Z] > command requires scopes: ["email","openid","https://www.googleapis.com/auth/cloudplatformprojects.readonly","https://www.googleapis.com/auth/firebase","https://www.googleapis.com/auth/cloud-platform"]
[debug] [2023-07-24T04:49:16.159Z] > authorizing via signed-in user (flcasillas@gmail.com)
[info] 
     ######## #### ########  ######## ########     ###     ######  ########
     ##        ##  ##     ## ##       ##     ##  ##   ##  ##       ##
     ######    ##  ########  ######   ########  #########  ######  ######
     ##        ##  ##    ##  ##       ##     ## ##     ##       ## ##
     ##       #### ##     ## ######## ########  ##     ##  ######  ########

You're about to initialize a Firebase project in this directory:

  D:\GitHub\nextjs

[info] 
=== Project Setup
[info] 
[info] First, let's associate this project directory with a Firebase project.
[info] You can create multiple project aliases by running firebase use --add, 
[info] but for now we'll just set up a default project.
[info] 
[debug] [2023-07-24T04:49:54.890Z] >>> [apiv2][query] GET https://firebase.googleapis.com/v1beta1/projects pageSize=100
[debug] [2023-07-24T04:49:55.265Z] <<< [apiv2][status] GET https://firebase.googleapis.com/v1beta1/projects 200
[debug] [2023-07-24T04:49:55.265Z] <<< [apiv2][body] GET https://firebase.googleapis.com/v1beta1/projects [omitted]
[info] i  Using project sren-26321 (SREN) 
[info] 
=== Hosting Setup
[info] 
[info] i  Detected a .git folder at D:\GitHub\nextjs 
[info] i  Authorizing with GitHub to upload your service account to a GitHub repository's secrets store. 
[info] 
[info] Visit this URL on this device to log in:
[info] https://github.com/login/oauth/authorize?client_id=89cf50f02ac6aaed3484&state=53813707&redirect_uri=http%3A%2F%2Flocalhost%3A9005&scope=read%3Auser%20repo%20public_repo
[info] 
[info] Waiting for authentication...
[debug] [2023-07-24T04:50:44.296Z] >>> [apiv2][query] POST https://github.com/login/oauth/access_token [none]
[debug] [2023-07-24T04:50:44.296Z] >>> [apiv2][body] POST https://github.com/login/oauth/access_token [stream]
[debug] [2023-07-24T04:50:44.597Z] <<< [apiv2][status] POST https://github.com/login/oauth/access_token 200
[debug] [2023-07-24T04:50:44.597Z] <<< [apiv2][body] POST https://github.com/login/oauth/access_token {"access_token":"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","token_type":"bearer","scope":"read:user,repo"}
[debug] [2023-07-24T04:50:44.601Z] >>> [apiv2][query] GET https://api.github.com/user [none]
[debug] [2023-07-24T04:50:44.878Z] <<< [apiv2][status] GET https://api.github.com/user 200
[debug] [2023-07-24T04:50:44.878Z] <<< [apiv2][body] GET https://api.github.com/user {"login":"flcasillas87","id":39224573,"node_id":"MDQ6VXNlcjM5MjI0NTcz","avatar_url":"https://avatars.githubusercontent.com/u/39224573?v=4","gravatar_id":"","url":"https://api.github.com/users/flcasillas87","html_url":"https://github.com/flcasillas87","followers_url":"https://api.github.com/users/flcasillas87/followers","following_url":"https://api.github.com/users/flcasillas87/following{/other_user}","gists_url":"https://api.github.com/users/flcasillas87/gists{/gist_id}","starred_url":"https://api.github.com/users/flcasillas87/starred{/owner}{/repo}","subscriptions_url":"https://api.github.com/users/flcasillas87/subscriptions","organizations_url":"https://api.github.com/users/flcasillas87/orgs","repos_url":"https://api.github.com/users/flcasillas87/repos","events_url":"https://api.github.com/users/flcasillas87/events{/privacy}","received_events_url":"https://api.github.com/users/flcasillas87/received_events","type":"User","site_admin":false,"name":"Fernando Lopez Casillas","company":null,"blog":"","location":null,"email":null,"hireable":null,"bio":null,"twitter_username":null,"public_repos":5,"public_gists":0,"followers":0,"following":0,"created_at":"2018-05-12T19:41:47Z","updated_at":"2023-07-22T03:34:16Z","private_gists":1,"total_private_repos":2,"owned_private_repos":2,"disk_usage":3111,"collaborators":0,"two_factor_authentication":false,"plan":{"name":"free","space":976562499,"collaborators":0,"private_repos":10000}}
[info] 
[info] +  Success! Logged into GitHub as flcasillas87 
[info] 
